<?xml version="1.0" encoding="UTF-8"?>
<!-- Generated by org.testng.reporters.JUnitXMLReporter -->
<testsuite hostname="SSSDU-7132" ignored="0" name="clearTripTest" tests="1" failures="0" timestamp="16 Sep 2020 11:49:57 GMT" time="0.015" errors="0">
  <testcase name="@BeforeSuite init" time="0.0" classname="Utils.setup">
    <failure type="java.lang.NullPointerException">
      <![CDATA[java.lang.NullPointerException
	at Utils.setup.navigate(setup.java:42)
	at Utils.setup.init(setup.java:50)
... Removed 19 stack frames]]>
    </failure>
  </testcase> <!-- @BeforeSuite init -->
  <testcase name="clearTripTest" time="0.0" classname="test.clearTripTest">
    <skipped/>
  </testcase> <!-- clearTripTest -->
</testsuite> <!-- clearTripTest -->
