<?xml version="1.0" encoding="UTF-8"?>
<!-- Generated by org.testng.reporters.JUnitXMLReporter -->
<testsuite hostname="SSSDU-7132" ignored="0" name="clearTripTest" tests="1" failures="1" timestamp="16 Sep 2020 11:43:35 GMT" time="0.025" errors="0">
  <testcase name="testEasy" time="0.007" classname="test.clearTripTest">
    <failure type="java.lang.NullPointerException">
      <![CDATA[java.lang.NullPointerException
	at test.clearTripTest.testEasy(clearTripTest.java:18)
... Removed 29 stack frames]]>
    </failure>
  </testcase> <!-- testEasy -->
</testsuite> <!-- clearTripTest -->
