-------------------------------------------------------------------------------
Test set: TestSuite
-------------------------------------------------------------------------------
Tests run: 1, Failures: 1, Errors: 0, Skipped: 0, Time elapsed: 0.361 s <<< FAILURE! - in TestSuite
testEasy(test.clearTripTest)  Time elapsed: 0.012 s  <<< FAILURE!
java.lang.NullPointerException
	at test.clearTripTest.testEasy(clearTripTest.java:18)

