<?xml version="1.0" encoding="UTF-8"?>
<testng-results skipped="0" failed="0" ignored="0" total="1" passed="1">
  <reporter-output>
  </reporter-output>
  <suite name="Default suite" duration-ms="69302" started-at="2020-09-18T16:00:30Z" finished-at="2020-09-18T16:01:40Z">
    <groups>
    </groups>
    <test name="Default test" duration-ms="69302" started-at="2020-09-18T16:00:30Z" finished-at="2020-09-18T16:01:40Z">
      <class name="test.cleartripTest">
        <test-method status="PASS" signature="init()[pri:0, instance:test.cleartripTest@e720b71]" name="init" is-config="true" duration-ms="8039" started-at="2020-09-18T16:00:22Z" finished-at="2020-09-18T16:00:30Z">
          <reporter-output>
          </reporter-output>
        </test-method> <!-- init -->
        <test-method status="PASS" signature="searchFlight()[pri:0, instance:test.cleartripTest@e720b71]" name="searchFlight" duration-ms="69273" started-at="2020-09-18T16:00:30Z" finished-at="2020-09-18T16:01:40Z">
          <reporter-output>
          </reporter-output>
        </test-method> <!-- searchFlight -->
      </class> <!-- test.cleartripTest -->
    </test> <!-- Default test -->
  </suite> <!-- Default suite -->
</testng-results>
